     1                                  bits 32 ; assembling for the 32 bits architecture
     2                                  
     3                                  ; declare the EntryPoint (a label defining the very first instruction of the program)
     4                                  global start        
     5                                  
     6                                  ; declare external functions needed by our program
     7                                  extern exit               ; tell nasm that exit exists even if we won't be defining it
     8                                  import exit msvcrt.dll    ; exit is a function that ends the calling process. It is defined in msvcrt.dll
     9                                                            ; msvcrt.dll contains exit, printf and all the other important C-runtime specific functions
    10                                  
    11                                  ; our data is declared here (the variables needed by our program)
    12                                  segment data use32 class=data
    13                                      ; ...
    14 00000000 5604                        a dw 456h
    15 00000002 3402                        b dw 234h
    16 00000004 4503                        c dw 345h
    17 00000006 2301                        d dw 123h
    18                                  ; our code starts here
    19                                  segment code use32 class=code
    20                                      start:
    21                                          ; ...
    22                                          ;(a+b-c)-d - PROBLEM 25 add/sub WORD
    23 00000000 B800000000                      MOV EAX, 0
    24 00000005 66A1[00000000]                  MOV AX, [a]
    25 0000000B 660305[02000000]                ADD AX, [b]
    26 00000012 662B05[04000000]                SUB AX, [c]
    27 00000019 662B05[06000000]                SUB AX, [d]
    28                                          ; exit(0)
    29 00000020 6A00                            push    dword 0      ; push the parameter for exit onto the stack
    30 00000022 FF15[00000000]                  call    [exit]       ; call exit to terminate the program
